c:\users\clara1\desktop\作业，课件\计算机图形学\实验\实验二\opengldemo\project\openglscence_mfc\openglscence_mfc\debug\openglscence_mfc.pch
c:\users\clara1\desktop\作业，课件\计算机图形学\实验\实验二\opengldemo\project\openglscence_mfc\openglscence_mfc\debug\vc120.pdb
c:\users\clara1\desktop\作业，课件\计算机图形学\实验\实验二\opengldemo\project\openglscence_mfc\openglscence_mfc\debug\vc120.idb
c:\users\clara1\desktop\作业，课件\计算机图形学\实验\实验二\opengldemo\project\openglscence_mfc\openglscence_mfc\debug\stdafx.obj
c:\users\clara1\desktop\作业，课件\计算机图形学\实验\实验二\opengldemo\project\openglscence_mfc\openglscence_mfc\debug\matrix4d.obj
c:\users\clara1\desktop\作业，课件\计算机图形学\实验\实验二\opengldemo\project\openglscence_mfc\openglscence_mfc\debug\position3d.obj
c:\users\clara1\desktop\作业，课件\计算机图形学\实验\实验二\opengldemo\project\openglscence_mfc\openglscence_mfc\debug\vector3d.obj
c:\users\clara1\desktop\作业，课件\计算机图形学\实验\实验二\opengldemo\project\openglscence_mfc\openglscence_mfc\debug\classview.obj
c:\users\clara1\desktop\作业，课件\计算机图形学\实验\实验二\opengldemo\project\openglscence_mfc\openglscence_mfc\debug\fileview.obj
c:\users\clara1\desktop\作业，课件\计算机图形学\实验\实验二\opengldemo\project\openglscence_mfc\openglscence_mfc\debug\mainfrm.obj
c:\users\clara1\desktop\作业，课件\计算机图形学\实验\实验二\opengldemo\project\openglscence_mfc\openglscence_mfc\debug\openglscence_mfc.obj
c:\users\clara1\desktop\作业，课件\计算机图形学\实验\实验二\opengldemo\project\openglscence_mfc\openglscence_mfc\debug\openglscence_mfcdoc.obj
c:\users\clara1\desktop\作业，课件\计算机图形学\实验\实验二\opengldemo\project\openglscence_mfc\openglscence_mfc\debug\openglscence_mfcview.obj
c:\users\clara1\desktop\作业，课件\计算机图形学\实验\实验二\opengldemo\project\openglscence_mfc\openglscence_mfc\debug\outputwnd.obj
c:\users\clara1\desktop\作业，课件\计算机图形学\实验\实验二\opengldemo\project\openglscence_mfc\openglscence_mfc\debug\propertieswnd.obj
c:\users\clara1\desktop\作业，课件\计算机图形学\实验\实验二\opengldemo\project\openglscence_mfc\openglscence_mfc\debug\viewtree.obj
c:\users\clara1\desktop\作业，课件\计算机图形学\实验\实验二\opengldemo\project\openglscence_mfc\openglscence_mfc\debug\roamingscencemanager.obj
c:\users\clara1\desktop\作业，课件\计算机图形学\实验\实验二\opengldemo\project\openglscence_mfc\debug\openglscence_mfc.ilk
c:\users\clara1\desktop\作业，课件\计算机图形学\实验\实验二\opengldemo\project\openglscence_mfc\debug\openglscence_mfc.exe
c:\users\clara1\desktop\作业，课件\计算机图形学\实验\实验二\opengldemo\project\openglscence_mfc\debug\openglscence_mfc.pdb
c:\users\clara1\desktop\作业，课件\计算机图形学\实验\实验二\opengldemo\project\openglscence_mfc\openglscence_mfc\debug\openglscence_mfc.res
c:\users\clara1\desktop\作业，课件\计算机图形学\实验\实验二\opengldemo\project\openglscence_mfc\openglscence_mfc\debug\openglscence_mfc.tlog\cl.command.1.tlog
c:\users\clara1\desktop\作业，课件\计算机图形学\实验\实验二\opengldemo\project\openglscence_mfc\openglscence_mfc\debug\openglscence_mfc.tlog\cl.read.1.tlog
c:\users\clara1\desktop\作业，课件\计算机图形学\实验\实验二\opengldemo\project\openglscence_mfc\openglscence_mfc\debug\openglscence_mfc.tlog\cl.write.1.tlog
c:\users\clara1\desktop\作业，课件\计算机图形学\实验\实验二\opengldemo\project\openglscence_mfc\openglscence_mfc\debug\openglscence_mfc.tlog\link.command.1.tlog
c:\users\clara1\desktop\作业，课件\计算机图形学\实验\实验二\opengldemo\project\openglscence_mfc\openglscence_mfc\debug\openglscence_mfc.tlog\link.read.1.tlog
c:\users\clara1\desktop\作业，课件\计算机图形学\实验\实验二\opengldemo\project\openglscence_mfc\openglscence_mfc\debug\openglscence_mfc.tlog\link.write.1.tlog
c:\users\clara1\desktop\作业，课件\计算机图形学\实验\实验二\opengldemo\project\openglscence_mfc\openglscence_mfc\debug\openglscence_mfc.tlog\rc.command.1.tlog
c:\users\clara1\desktop\作业，课件\计算机图形学\实验\实验二\opengldemo\project\openglscence_mfc\openglscence_mfc\debug\openglscence_mfc.tlog\rc.read.1.tlog
c:\users\clara1\desktop\作业，课件\计算机图形学\实验\实验二\opengldemo\project\openglscence_mfc\openglscence_mfc\debug\openglscence_mfc.tlog\rc.write.1.tlog
